<?xml version="1.0" encoding="UTF-8" ?>
<testsuite failures="1" time="65.983" errors="0" skipped="0" tests="1" name="TestSuite">
  <properties>
[...]
</properties>
  <testcase time="42.289" name="verifyMail">
    <failure message="Mail was not found expected:&amp;lt;true&amp;gt; but was:&amp;lt;false&amp;gt;" type="java.lang.AssertionError">java.lang.AssertionError: Mail was not found expected:&amp;lt;true&amp;gt; but was:&amp;lt;false&amp;gt;
	at org.testng.Assert.fail(Assert.java:89)
	at org.testng.Assert.failNotEquals(Assert.java:489)
	at org.testng.Assert.assertTrue(Assert.java:37)
	at yahoo.toolbar.webDriver.apps.mail.Mail.verifyMail(Mail.java:796)
</failure>
    <system-out>Sent message successfully....
org.openqa.selenium.NoSuchElementException: Unable to locate element: {&quot;method&quot;:&quot;xpath&quot;,&quot;selector&quot;:&quot;//*[@id=&apos;ymail-refresh-mail&apos;]/span/span&quot;}
Command duration or timeout: 10 milliseconds
For documentation on this error, please visit: http://seleniumhq.org/exceptions/no_such_element.html
Build info: version: &apos;2.24.1&apos;, revision: &apos;17205&apos;, time: &apos;2012-06-19 15:28:49&apos;
System info: os.name: &apos;Mac OS X&apos;, os.arch: &apos;x86_64&apos;, os.version: &apos;10.8.4&apos;, java.version: &apos;1.6.0_45&apos;
Driver info: driver.version: RemoteWebDriver
Session ID: a39c3f9e-f06f-e94b-9d7a-4cf04045bc85
</system-out>
  </testcase>
</testsuite>