<?xml version="1.0" encoding="UTF-8"?>
<!-- Generated by org.testng.reporters.JUnitReportReporter -->
<testsuite hostname="pleasurehall-l7" name="yahoo.toolbar.webDriver.Youtube.Test2" tests="3" failures="0" timestamp="13 Jul 2012 06:13:51 GMT" time="0.003" errors="0">
  <testcase name="testing2" time="0.001" classname="yahoo.toolbar.webDriver.Youtube.Test2"/>
  <testcase name="testing1" time="0.001" classname="yahoo.toolbar.webDriver.Youtube.Test2"/>
  <testcase name="testing3" time="0.001" classname="yahoo.toolbar.webDriver.Youtube.Test2"/>
</testsuite> <!-- yahoo.toolbar.webDriver.Youtube.Test2 -->
