<?xml version="1.0" encoding="UTF-8"?>
<!-- Generated by org.testng.reporters.JUnitXMLReporter -->
<testsuite hostname="pleasurehall-l7" name="SmokeRun" tests="5" failures="0" timestamp="12 Jul 2012 09:25:30 GMT" time="14.977" errors="0">
  <testcase name="test" time="8.35" classname="yahoo.toolbar.webDriver.Youtube.Test1"/>
  <testcase name="test2" time="0.0" classname="yahoo.toolbar.webDriver.Youtube.Test1"/>
  <testcase name="test3" time="0.0" classname="yahoo.toolbar.webDriver.Youtube.Test1"/>
  <testcase name="testing1" time="6.609" classname="yahoo.toolbar.webDriver.Youtube.Test2"/>
  <testcase name="testing2" time="0.0" classname="yahoo.toolbar.webDriver.Youtube.Test2"/>
</testsuite> <!-- SmokeRun -->
